<?xml version="1.0" encoding="UTF-8"?><testsuite errors="5" failures="2" name="Regression checklist spanish" skipped="0" tests="46" time="632.7" timestamp="2018-02-07T10:19:06.924-05:00[America/New_York]"><testcase name="(Spanish) Homepage - Header - All the menu links on the &quot;Get Assistance&quot; tab"/><testcase name="(Spanish) Homepage - Header - All the menu links on the &quot;Information&quot; tab"/><testcase name="(Spanish) Homepage - Header - All the menu links on the &quot;About Us&quot; tab"/><testcase name="(Spanish) Homepage - Header - All the menu links on the &quot;Help&quot; tab"/><testcase name="(Spanish) Homepage - Key Links - Main links on homepage to assert that the Spanish pages open correctly"/><testcase name="(Spanish) Homepage - Currently declared disasters - States in the Spanish declared disaster map are clickable"/><testcase name="(Spanish) Homepage - Currently declared disasters - The declared states on the declared disaster map"/><testcase name="(Spanish) Homepage - Find Local Resources flows correctly in Spanish"/><testcase name="(Spanish) News Feeds - All of the titles on the page"/><testcase name="(Spanish) Community Leaders - Results of the quick search items"><error message="The following error occurred: Timed out after 2 seconds. Element not found&#10;For documentation on this error, please visit: http://seleniumhq.org/exceptions/no_such_element.html&#10;Build info: version: '3.7.0', revision: '2321c73', time: '2017-11-02T22:22:35.584Z'&#10;System info: host: 'C02RJ1FVFVH8.local', ip: 'fe80:0:0:0:18d0:f6d3:d5c8:a0a9%en0', os.name: 'Mac OS X', os.arch: 'x86_64', os.version: '10.12.6', java.version: '1.8.0_101'&#10;Driver info: driver.version: unknown" type="org.openqa.selenium.NoSuchElementException">The following error occurred: Timed out after 2 seconds. Element not found
For documentation on this error, please visit: http://seleniumhq.org/exceptions/no_such_element.html
Build info: version: '3.7.0', revision: '2321c73', time: '2017-11-02T22:22:35.584Z'
System info: host: 'C02RJ1FVFVH8.local', ip: 'fe80:0:0:0:18d0:f6d3:d5c8:a0a9%en0', os.name: 'Mac OS X', os.arch: 'x86_64', os.version: '10.12.6', java.version: '1.8.0_101'
Driver info: driver.version: unknown</error><system-err>The following error occurred: Timed out after 2 seconds. Element not found
For documentation on this error, please visit: http://seleniumhq.org/exceptions/no_such_element.html
Build info: version: '3.7.0', revision: '2321c73', time: '2017-11-02T22:22:35.584Z'
System info: host: 'C02RJ1FVFVH8.local', ip: 'fe80:0:0:0:18d0:f6d3:d5c8:a0a9%en0', os.name: 'Mac OS X', os.arch: 'x86_64', os.version: '10.12.6', java.version: '1.8.0_101'
Driver info: driver.version: unknown
gov.daip.d8.test.pageObject.DALandingPage.communityResults(DALandingPage.java:192)
gov.daip.d8.test.User.quickSearchResults(User.java:330)
gov.daip.d8.test.DailyRegressionSteps.thenShouldIncludeSearchWords(DailyRegressionSteps.java:192)
</system-err></testcase><testcase name="(Spanish) Homepage - Address Look-Up - Declared disasters"><error message="1" type="java.lang.ArrayIndexOutOfBoundsException">1</error><system-err>1
gov.daip.d8.test.pageObject.DAHomepage.getDeclaredDisasterCounty(DAHomepage.java:440)
gov.daip.d8.test.pageObject.DAHomepage.typeSpanishAddressLookUp(DAHomepage.java:465)
gov.daip.d8.test.User.declaredSpanishDisasters(User.java:345)
gov.daip.d8.test.DailyRegressionSteps.whenTypeDeclaredDisasterIntoSpanishAddressLookUpBar(DailyRegressionSteps.java:208)
</system-err></testcase><testcase name="(Spanish) Find Assistance - Spanish benefits results display according to use cases"/><testcase name="(Spanish) Find Assistance - Dynamically verify results of the questionnaire"/><testcase name="(Spanish) Find Assistance - All the functionality of the FOA questionnaire"><error message="The following error occurred: unknown error: Element &lt;button type=&quot;button&quot; id=&quot;apply_now&quot; class=&quot;btn btn-primary col-md-2 col-xs-4 col-md-offset-5 col-xs-offset-4&quot;&gt;...&lt;/button&gt; is not clickable at point (599, 57). Other element would receive the click: &lt;a class=&quot;desktop-main-menu-primary-link desktop-main-menu-dropdown-toggle dropdown-toggle&quot; title=&quot;...&quot; data-toggle=&quot;dropdown&quot; role=&quot;button&quot; aria-haspopup=&quot;true&quot; aria-expanded=&quot;false&quot; href=&quot;&quot;&gt;Información&lt;/a&gt;&#10;  (Session info: chrome=63.0.3239.132)&#10;  (Driver info: chromedriver=2.33.506106 (8a06c39c4582fbfbab6966dbb1c38a9173bfb1a2),platform=Mac OS X 10.12.6 x86_64) (WARNING: The server did not provide any stacktrace information)&#10;Command duration or timeout: 0 milliseconds&#10;Build info: version: '3.7.0', revision: '2321c73', time: '2017-11-02T22:22:35.584Z'&#10;System info: host: 'C02RJ1FVFVH8.local', ip: 'fe80:0:0:0:18d0:f6d3:d5c8:a0a9%en0', os.name: 'Mac OS X', os.arch: 'x86_64', os.version: '10.12.6', java.version: '1.8.0_101'&#10;Driver info: org.openqa.selenium.remote.RemoteWebDriver&#10;Capabilities {acceptSslCerts: true, applicationCacheEnabled: false, browserConnectionEnabled: false, browserName: chrome, chrome: {chromedriverVersion: 2.33.506106 (8a06c39c4582fb..., userDataDir: /var/folders/th/f_1pl30d6ns...}, cssSelectorsEnabled: true, databaseEnabled: false, handlesAlerts: true, hasTouchScreen: false, javascriptEnabled: true, locationContextEnabled: true, mobileEmulationEnabled: false, nativeEvents: true, networkConnectionEnabled: false, pageLoadStrategy: normal, platform: MAC, platformName: MAC, rotatable: false, setWindowRect: true, takesHeapSnapshot: true, takesScreenshot: true, unexpectedAlertBehaviour: , unhandledPromptBehavior: , version: 63.0.3239.132, webStorageEnabled: true}&#10;Session ID: eb22307c15efb1da90655352e575d493" type="org.openqa.selenium.WebDriverException">The following error occurred: unknown error: Element &lt;button type="button" id="apply_now" class="btn btn-primary col-md-2 col-xs-4 col-md-offset-5 col-xs-offset-4"&gt;...&lt;/button&gt; is not clickable at point (599, 57). Other element would receive the click: &lt;a class="desktop-main-menu-primary-link desktop-main-menu-dropdown-toggle dropdown-toggle" title="..." data-toggle="dropdown" role="button" aria-haspopup="true" aria-expanded="false" href=""&gt;Información&lt;/a&gt;
  (Session info: chrome=63.0.3239.132)
  (Driver info: chromedriver=2.33.506106 (8a06c39c4582fbfbab6966dbb1c38a9173bfb1a2),platform=Mac OS X 10.12.6 x86_64) (WARNING: The server did not provide any stacktrace information)
Command duration or timeout: 0 milliseconds
Build info: version: '3.7.0', revision: '2321c73', time: '2017-11-02T22:22:35.584Z'
System info: host: 'C02RJ1FVFVH8.local', ip: 'fe80:0:0:0:18d0:f6d3:d5c8:a0a9%en0', os.name: 'Mac OS X', os.arch: 'x86_64', os.version: '10.12.6', java.version: '1.8.0_101'
Driver info: org.openqa.selenium.remote.RemoteWebDriver
Capabilities {acceptSslCerts: true, applicationCacheEnabled: false, browserConnectionEnabled: false, browserName: chrome, chrome: {chromedriverVersion: 2.33.506106 (8a06c39c4582fb..., userDataDir: /var/folders/th/f_1pl30d6ns...}, cssSelectorsEnabled: true, databaseEnabled: false, handlesAlerts: true, hasTouchScreen: false, javascriptEnabled: true, locationContextEnabled: true, mobileEmulationEnabled: false, nativeEvents: true, networkConnectionEnabled: false, pageLoadStrategy: normal, platform: MAC, platformName: MAC, rotatable: false, setWindowRect: true, takesHeapSnapshot: true, takesScreenshot: true, unexpectedAlertBehaviour: , unhandledPromptBehavior: , version: 63.0.3239.132, webStorageEnabled: true}
Session ID: eb22307c15efb1da90655352e575d493</error><system-err>The following error occurred: unknown error: Element &lt;button type="button" id="apply_now" class="btn btn-primary col-md-2 col-xs-4 col-md-offset-5 col-xs-offset-4"&gt;...&lt;/button&gt; is not clickable at point (599, 57). Other element would receive the click: &lt;a class="desktop-main-menu-primary-link desktop-main-menu-dropdown-toggle dropdown-toggle" title="..." data-toggle="dropdown" role="button" aria-haspopup="true" aria-expanded="false" href=""&gt;Información&lt;/a&gt;
  (Session info: chrome=63.0.3239.132)
  (Driver info: chromedriver=2.33.506106 (8a06c39c4582fbfbab6966dbb1c38a9173bfb1a2),platform=Mac OS X 10.12.6 x86_64) (WARNING: The server did not provide any stacktrace information)
Command duration or timeout: 0 milliseconds
Build info: version: '3.7.0', revision: '2321c73', time: '2017-11-02T22:22:35.584Z'
System info: host: 'C02RJ1FVFVH8.local', ip: 'fe80:0:0:0:18d0:f6d3:d5c8:a0a9%en0', os.name: 'Mac OS X', os.arch: 'x86_64', os.version: '10.12.6', java.version: '1.8.0_101'
Driver info: org.openqa.selenium.remote.RemoteWebDriver
Capabilities {acceptSslCerts: true, applicationCacheEnabled: false, browserConnectionEnabled: false, browserName: chrome, chrome: {chromedriverVersion: 2.33.506106 (8a06c39c4582fb..., userDataDir: /var/folders/th/f_1pl30d6ns...}, cssSelectorsEnabled: true, databaseEnabled: false, handlesAlerts: true, hasTouchScreen: false, javascriptEnabled: true, locationContextEnabled: true, mobileEmulationEnabled: false, nativeEvents: true, networkConnectionEnabled: false, pageLoadStrategy: normal, platform: MAC, platformName: MAC, rotatable: false, setWindowRect: true, takesHeapSnapshot: true, takesScreenshot: true, unexpectedAlertBehaviour: , unhandledPromptBehavior: , version: 63.0.3239.132, webStorageEnabled: true}
Session ID: eb22307c15efb1da90655352e575d493
gov.daip.d8.test.pageObject.DAQuestionnaire.clickApplyOnline(DAQuestionnaire.java:152)
gov.daip.d8.test.User.clicksApplyOnline(User.java:412)
gov.daip.d8.test.DailyRegressionSteps.when_user_clicks_apply_online(DailyRegressionSteps.java:281)
</system-err></testcase><testcase name="(Spanish) News Feeds - FEMA Twitter feed is present"/><testcase name="(Spanish) Forms of Assistance - Category Type filter with the first seven types"/><testcase name="(Spanish) Forms of Assistance - Category Type filter with the next eight types"/><testcase name="(Spanish) Forms of Assistance - Federal Agency filter with the first seven types"><failure message="The following error occurred: Expected enabled element was not enabled" type="net.thucydides.core.webdriver.exceptions.ElementShouldBeEnabledException">The following error occurred: Expected enabled element was not enabled</failure><system-err>The following error occurred: Expected enabled element was not enabled
gov.daip.d8.test.pageObject.DALandingPage.clickFirstSevenFederalAgencies(DALandingPage.java:273)
gov.daip.d8.test.User.clickFederalAgency(User.java:467)
gov.daip.d8.test.DailyRegressionSteps.when_I_click_on_federal_agency_and_check_first_seven(DailyRegressionSteps.java:351)
</system-err></testcase><testcase name="(Spanish) Forms of Assistance - Federal Agency filter with the next seven types"><failure message="The following error occurred: Expected enabled element was not enabled" type="net.thucydides.core.webdriver.exceptions.ElementShouldBeEnabledException">The following error occurred: Expected enabled element was not enabled</failure><system-err>The following error occurred: Expected enabled element was not enabled
gov.daip.d8.test.pageObject.DALandingPage.clickNextFederalAgencies(DALandingPage.java:283)
gov.daip.d8.test.User.clickNextFederalAgency(User.java:483)
gov.daip.d8.test.DailyRegressionSteps.when_i_check_the_next_seven(DailyRegressionSteps.java:366)
</system-err></testcase></testsuite>