<?xml version="1.0" encoding="UTF-8"?><testsuite errors="1" failures="4" name="Regression checklist" skipped="69" tests="119" time="628.89" timestamp="2018-04-18T12:15:55.252-04:00[America/New_York]"><testcase name="Homepage - Header - All the menu links on the &quot;Get Assistance&quot; tab"/><testcase name="Homepage - Header - All the menu links on the &quot;Information&quot; tab"/><testcase name="Homepage - Header - All the menu links on the &quot;About Us&quot; tab"/><testcase name="Homepage - Header - All the menu links on the &quot;Help&quot; tab"/><testcase name="Homepage - Key Links - Main links on homepage to assert that the pages open correctly"/><testcase name="Homepage - Currently declared disasters - States in the declared disaster map are clickable"/><testcase name="Homepage - Currently declared disasters - The declared states on the declared disaster map"/><testcase name="Homepage - Find Local Resources flows correctly"/><testcase name="News Feeds - All of the titles on the page"/><testcase name="Community Leaders - Results of the quick search items"/><testcase name="Homepage - Address Look-Up - Declared disasters"/><testcase name="Address Look-Up - Declared disasters"/><testcase name="Find Assistance - Benefits results display according to use cases"><failure message="expected:&lt;9&gt; but was:&lt;0&gt;" type="java.lang.AssertionError">expected:&lt;9&gt; but was:&lt;0&gt;</failure><system-err>expected:&lt;9&gt; but was:&lt;0&gt;
gov.daip.d8.test.User.verifyEmploymentResultsAndVisibility(User.java:467)
gov.daip.d8.test.DailyRegressionSteps.then_I_should_obtain_9_results_and_see_all_the_content_under_the_accordions(DailyRegressionSteps.java:249)
</system-err></testcase><testcase name="Find Assistance - Dynamically verify results of the questionnaire"/><testcase name="Find Assistance - All the functionality of the FOA questionnaire"><error message="The following error occurred: element not visible&#10;  (Session info: chrome=65.0.3325.181)&#10;  (Driver info: chromedriver=2.36.540469 (1881fd7f8641508feb5166b7cae561d87723cfa8),platform=Mac OS X 10.12.6 x86_64) (WARNING: The server did not provide any stacktrace information)&#10;Command duration or timeout: 0 milliseconds&#10;Build info: version: '3.7.0', revision: '2321c73', time: '2017-11-02T22:22:35.584Z'&#10;System info: host: 'c02rj1fvfvh8.users.bah.com', ip: 'fe80:0:0:0:101a:d911:4ac5:d5d3%en0', os.name: 'Mac OS X', os.arch: 'x86_64', os.version: '10.12.6', java.version: '1.8.0_101'&#10;Driver info: org.openqa.selenium.remote.RemoteWebDriver&#10;Capabilities {acceptInsecureCerts: false, acceptSslCerts: false, applicationCacheEnabled: false, browserConnectionEnabled: false, browserName: chrome, chrome: {chromedriverVersion: 2.36.540469 (1881fd7f864150..., userDataDir: /var/folders/th/f_1pl30d6ns...}, cssSelectorsEnabled: true, databaseEnabled: false, handlesAlerts: true, hasTouchScreen: false, javascriptEnabled: true, locationContextEnabled: true, mobileEmulationEnabled: false, nativeEvents: true, networkConnectionEnabled: false, pageLoadStrategy: normal, platform: MAC, platformName: MAC, rotatable: false, setWindowRect: true, takesHeapSnapshot: true, takesScreenshot: true, unexpectedAlertBehaviour: , unhandledPromptBehavior: , version: 65.0.3325.181, webStorageEnabled: true}&#10;Session ID: 989a638f6e5de628ecb5a61dffa57dc6" type="org.openqa.selenium.ElementNotVisibleException">The following error occurred: element not visible
  (Session info: chrome=65.0.3325.181)
  (Driver info: chromedriver=2.36.540469 (1881fd7f8641508feb5166b7cae561d87723cfa8),platform=Mac OS X 10.12.6 x86_64) (WARNING: The server did not provide any stacktrace information)
Command duration or timeout: 0 milliseconds
Build info: version: '3.7.0', revision: '2321c73', time: '2017-11-02T22:22:35.584Z'
System info: host: 'c02rj1fvfvh8.users.bah.com', ip: 'fe80:0:0:0:101a:d911:4ac5:d5d3%en0', os.name: 'Mac OS X', os.arch: 'x86_64', os.version: '10.12.6', java.version: '1.8.0_101'
Driver info: org.openqa.selenium.remote.RemoteWebDriver
Capabilities {acceptInsecureCerts: false, acceptSslCerts: false, applicationCacheEnabled: false, browserConnectionEnabled: false, browserName: chrome, chrome: {chromedriverVersion: 2.36.540469 (1881fd7f864150..., userDataDir: /var/folders/th/f_1pl30d6ns...}, cssSelectorsEnabled: true, databaseEnabled: false, handlesAlerts: true, hasTouchScreen: false, javascriptEnabled: true, locationContextEnabled: true, mobileEmulationEnabled: false, nativeEvents: true, networkConnectionEnabled: false, pageLoadStrategy: normal, platform: MAC, platformName: MAC, rotatable: false, setWindowRect: true, takesHeapSnapshot: true, takesScreenshot: true, unexpectedAlertBehaviour: , unhandledPromptBehavior: , version: 65.0.3325.181, webStorageEnabled: true}
Session ID: 989a638f6e5de628ecb5a61dffa57dc6</error><system-err>The following error occurred: element not visible
  (Session info: chrome=65.0.3325.181)
  (Driver info: chromedriver=2.36.540469 (1881fd7f8641508feb5166b7cae561d87723cfa8),platform=Mac OS X 10.12.6 x86_64) (WARNING: The server did not provide any stacktrace information)
Command duration or timeout: 0 milliseconds
Build info: version: '3.7.0', revision: '2321c73', time: '2017-11-02T22:22:35.584Z'
System info: host: 'c02rj1fvfvh8.users.bah.com', ip: 'fe80:0:0:0:101a:d911:4ac5:d5d3%en0', os.name: 'Mac OS X', os.arch: 'x86_64', os.version: '10.12.6', java.version: '1.8.0_101'
Driver info: org.openqa.selenium.remote.RemoteWebDriver
Capabilities {acceptInsecureCerts: false, acceptSslCerts: false, applicationCacheEnabled: false, browserConnectionEnabled: false, browserName: chrome, chrome: {chromedriverVersion: 2.36.540469 (1881fd7f864150..., userDataDir: /var/folders/th/f_1pl30d6ns...}, cssSelectorsEnabled: true, databaseEnabled: false, handlesAlerts: true, hasTouchScreen: false, javascriptEnabled: true, locationContextEnabled: true, mobileEmulationEnabled: false, nativeEvents: true, networkConnectionEnabled: false, pageLoadStrategy: normal, platform: MAC, platformName: MAC, rotatable: false, setWindowRect: true, takesHeapSnapshot: true, takesScreenshot: true, unexpectedAlertBehaviour: , unhandledPromptBehavior: , version: 65.0.3325.181, webStorageEnabled: true}
Session ID: 989a638f6e5de628ecb5a61dffa57dc6
gov.daip.d8.test.pageObject.DAQuestionnaire.clickNextFOA(DAQuestionnaire.java:148)
gov.daip.d8.test.User.clicksNextFOA(User.java:508)
gov.daip.d8.test.DailyRegressionSteps.when_user_clicks_next(DailyRegressionSteps.java:286)
</system-err></testcase><testcase name="News Feeds - FEMA Twitter feed is present"/><testcase name="Forms of Assistance - Category Type filter with the first seven types"/><testcase name="Forms of Assistance - Category Type filter with the next eight types"><failure message="expected:&lt;Showing 1 - 10 of 5[3] results View 10 50 ...&gt; but was:&lt;Showing 1 - 10 of 5[4] results View 10 50 ...&gt;" type="org.junit.ComparisonFailure">expected:&lt;Showing 1 - 10 of 5[3] results View 10 50 ...&gt; but was:&lt;Showing 1 - 10 of 5[4] results View 10 50 ...&gt;</failure><system-err>expected:&lt;Showing 1 - 10 of 5[3] results View 10 50 ...&gt; but was:&lt;Showing 1 - 10 of 5[4] results View 10 50 ...&gt;
gov.daip.d8.test.User.get53Results(User.java:567)
gov.daip.d8.test.DailyRegressionSteps.then_other_results_should_appear(DailyRegressionSteps.java:358)
</system-err></testcase><testcase name="Forms of Assistance - Federal Agency filter with the first seven types"><failure message="expected:&lt;Showing 1 - 10 of 4[0] results View 10 50 ...&gt; but was:&lt;Showing 1 - 10 of 4[1] results View 10 50 ...&gt;" type="org.junit.ComparisonFailure">expected:&lt;Showing 1 - 10 of 4[0] results View 10 50 ...&gt; but was:&lt;Showing 1 - 10 of 4[1] results View 10 50 ...&gt;</failure><system-err>expected:&lt;Showing 1 - 10 of 4[0] results View 10 50 ...&gt; but was:&lt;Showing 1 - 10 of 4[1] results View 10 50 ...&gt;
gov.daip.d8.test.User.get40Results(User.java:583)
gov.daip.d8.test.DailyRegressionSteps.then_results_for_types_should_appear(DailyRegressionSteps.java:377)
</system-err></testcase><testcase name="Forms of Assistance - Federal Agency filter with the next seven types"/><testcase name="Homepage - &quot;Apply Online&quot; DAC page includes mobile flag"><skipped/></testcase><testcase name="Homepage - &quot;Check Status&quot; DAC page includes mobile flag"><skipped/></testcase><testcase name="Community Leaders - Type keyword into search bar"/><testcase name="Sitemap - All links in Sitemap point to the right page"><skipped/></testcase><testcase name="Homepage - Footer - All the links in &quot;Additional Links&quot;"><skipped/></testcase><testcase name="Homepage - USA search feeds display results"><failure message="The following error occurred: Expected enabled element was not enabled" type="net.thucydides.core.webdriver.exceptions.ElementShouldBeEnabledException">The following error occurred: Expected enabled element was not enabled</failure><system-err>The following error occurred: Expected enabled element was not enabled
gov.daip.d8.test.pageObject.DAHomepage.typeIntoUSASearch(DAHomepage.java:707)
gov.daip.d8.test.User.typeIntoUSASearch(User.java:778)
gov.daip.d8.test.DailyRegressionSteps.when_type_into_USA_search(DailyRegressionSteps.java:459)
</system-err></testcase><testcase name="Homepage - Apply Online - Verify the redirection from DAC when RI is cancelled"/></testsuite>